<?xml version="1.0" encoding="UTF-8"?>
<!-- Generated by org.testng.reporters.JUnitXMLReporter -->
<testsuite hostname="LAPTOP-9NB8EHGH" ignored="0" name="Default test" tests="3" failures="0" timestamp="02 Sep 2018 13:30:15 GMT" time="123.664" errors="0">
  <testcase name="CreateLead" time="27.783" classname="week4.class3.TC008_CLead"/>
  <testcase name="CreateLead" time="13.446" classname="week4.class3.TC008_CLead"/>
  <testcase name="CreateLead" time="13.824" classname="week4.class3.TC008_CLead"/>
</testsuite> <!-- Default test -->
