<?xml version="1.0" encoding="UTF-8"?>
<!-- Generated by org.testng.reporters.JUnitXMLReporter -->
<testsuite hostname="LAPTOP-9NB8EHGH" ignored="0" name="Test" tests="2" failures="0" timestamp="29 Aug 2018 05:25:29 GMT" time="0.854" errors="0">
  <testcase name="@BeforeMethod login" time="0.0" classname="wdMethods.ProjectMethods">
    <failure type="org.testng.TestNGException" message="
Can inject only one of &amp;lt;ITestContext, XmlTest, Method, Object[], ITestResult&amp;gt; into a @BeforeMethod annotated login.
For more information on native dependency injection please refer to http://testng.org/doc/documentation-main.html#native-dependency-injection">
      <![CDATA[org.testng.TestNGException: 
Can inject only one of <ITestContext, XmlTest, Method, Object[], ITestResult> into a @BeforeMethod annotated login.
For more information on native dependency injection please refer to http://testng.org/doc/documentation-main.html#native-dependency-injection
... Removed 25 stack frames]]>
    </failure>
  </testcase> <!-- @BeforeMethod login -->
  <testcase name="@AfterMethod logout" time="0.0" classname="wdMethods.ProjectMethods">
    <skipped/>
  </testcase> <!-- @AfterMethod logout -->
  <testcase name="@BeforeMethod login" time="0.0" classname="wdMethods.ProjectMethods">
    <skipped/>
  </testcase> <!-- @BeforeMethod login -->
  <testcase name="@AfterMethod logout" time="0.0" classname="wdMethods.ProjectMethods">
    <skipped/>
  </testcase> <!-- @AfterMethod logout -->
  <testcase name="CreateLead" time="0.0" classname="week4.class3.TC008_CLead">
    <skipped/>
  </testcase> <!-- CreateLead -->
  <testcase name="CreateLead" time="0.0" classname="week4.class3.TC008_CLead">
    <skipped/>
  </testcase> <!-- CreateLead -->
</testsuite> <!-- Test -->
