<?xml version="1.0" encoding="UTF-8"?>
<testng-results skipped="0" failed="0" ignored="0" total="3" passed="3">
  <reporter-output>
  </reporter-output>
  <suite name="Default suite" duration-ms="123664" started-at="2018-09-02T13:28:11Z" finished-at="2018-09-02T13:30:14Z">
    <groups>
    </groups>
    <test name="Default test" duration-ms="123664" started-at="2018-09-02T13:28:11Z" finished-at="2018-09-02T13:30:14Z">
      <class name="week4.class3.TC008_CLead">
        <test-method status="PASS" signature="beforeSuite()[pri:0, instance:week4.class3.TC008_CLead@5383967b]" name="beforeSuite" is-config="true" duration-ms="846" started-at="2018-09-02T13:28:10Z" finished-at="2018-09-02T13:28:11Z">
          <reporter-output>
          </reporter-output>
        </test-method> <!-- beforeSuite -->
        <test-method status="PASS" signature="SetData()[pri:0, instance:week4.class3.TC008_CLead@5383967b]" name="SetData" is-config="true" duration-ms="0" started-at="2018-09-02T13:28:11Z" finished-at="2018-09-02T13:28:11Z">
          <reporter-output>
          </reporter-output>
        </test-method> <!-- SetData -->
        <test-method status="PASS" signature="startTestcase()[pri:0, instance:week4.class3.TC008_CLead@5383967b]" name="startTestcase" is-config="true" duration-ms="0" started-at="2018-09-02T13:28:11Z" finished-at="2018-09-02T13:28:11Z">
          <reporter-output>
          </reporter-output>
        </test-method> <!-- startTestcase -->
        <test-method status="PASS" signature="login()[pri:0, instance:week4.class3.TC008_CLead@5383967b]" name="login" is-config="true" duration-ms="35941" started-at="2018-09-02T13:28:12Z" finished-at="2018-09-02T13:28:48Z">
          <reporter-output>
          </reporter-output>
        </test-method> <!-- login -->
        <test-method status="PASS" signature="CreateLead(java.lang.String, java.lang.String, java.lang.String)[pri:0, instance:week4.class3.TC008_CLead@5383967b]" name="CreateLead" duration-ms="27783" started-at="2018-09-02T13:28:48Z" data-provider="pulldata" finished-at="2018-09-02T13:29:15Z">
          <params>
            <param index="0">
              <value>
                <![CDATA[tcs]]>
              </value>
            </param>
            <param index="1">
              <value>
                <![CDATA[Hari]]>
              </value>
            </param>
            <param index="2">
              <value>
                <![CDATA[R]]>
              </value>
            </param>
          </params>
          <reporter-output>
          </reporter-output>
        </test-method> <!-- CreateLead -->
        <test-method status="PASS" signature="logout()[pri:0, instance:week4.class3.TC008_CLead@5383967b]" name="logout" is-config="true" duration-ms="2187" started-at="2018-09-02T13:29:15Z" finished-at="2018-09-02T13:29:18Z">
          <reporter-output>
          </reporter-output>
        </test-method> <!-- logout -->
        <test-method status="PASS" signature="login()[pri:0, instance:week4.class3.TC008_CLead@5383967b]" name="login" is-config="true" duration-ms="11383" started-at="2018-09-02T13:29:18Z" finished-at="2018-09-02T13:29:29Z">
          <reporter-output>
          </reporter-output>
        </test-method> <!-- login -->
        <test-method status="PASS" signature="CreateLead(java.lang.String, java.lang.String, java.lang.String)[pri:0, instance:week4.class3.TC008_CLead@5383967b]" name="CreateLead" duration-ms="13446" started-at="2018-09-02T13:29:29Z" data-provider="pulldata" finished-at="2018-09-02T13:29:42Z">
          <params>
            <param index="0">
              <value>
                <![CDATA[cts]]>
              </value>
            </param>
            <param index="1">
              <value>
                <![CDATA[Kishore]]>
              </value>
            </param>
            <param index="2">
              <value>
                <![CDATA[K]]>
              </value>
            </param>
          </params>
          <reporter-output>
          </reporter-output>
        </test-method> <!-- CreateLead -->
        <test-method status="PASS" signature="logout()[pri:0, instance:week4.class3.TC008_CLead@5383967b]" name="logout" is-config="true" duration-ms="3089" started-at="2018-09-02T13:29:42Z" finished-at="2018-09-02T13:29:46Z">
          <reporter-output>
          </reporter-output>
        </test-method> <!-- logout -->
        <test-method status="PASS" signature="login()[pri:0, instance:week4.class3.TC008_CLead@5383967b]" name="login" is-config="true" duration-ms="12848" started-at="2018-09-02T13:29:46Z" finished-at="2018-09-02T13:29:58Z">
          <reporter-output>
          </reporter-output>
        </test-method> <!-- login -->
        <test-method status="PASS" signature="CreateLead(java.lang.String, java.lang.String, java.lang.String)[pri:0, instance:week4.class3.TC008_CLead@5383967b]" name="CreateLead" duration-ms="13824" started-at="2018-09-02T13:29:58Z" data-provider="pulldata" finished-at="2018-09-02T13:30:12Z">
          <params>
            <param index="0">
              <value>
                <![CDATA[infy]]>
              </value>
            </param>
            <param index="1">
              <value>
                <![CDATA[Ram]]>
              </value>
            </param>
            <param index="2">
              <value>
                <![CDATA[P]]>
              </value>
            </param>
          </params>
          <reporter-output>
          </reporter-output>
        </test-method> <!-- CreateLead -->
        <test-method status="PASS" signature="logout()[pri:0, instance:week4.class3.TC008_CLead@5383967b]" name="logout" is-config="true" duration-ms="2140" started-at="2018-09-02T13:30:12Z" finished-at="2018-09-02T13:30:14Z">
          <reporter-output>
          </reporter-output>
        </test-method> <!-- logout -->
        <test-method status="PASS" signature="afterSuite()[pri:0, instance:week4.class3.TC008_CLead@5383967b]" name="afterSuite" is-config="true" duration-ms="1171" started-at="2018-09-02T13:30:15Z" finished-at="2018-09-02T13:30:16Z">
          <reporter-output>
          </reporter-output>
        </test-method> <!-- afterSuite -->
      </class> <!-- week4.class3.TC008_CLead -->
    </test> <!-- Default test -->
  </suite> <!-- Default suite -->
</testng-results>
